c:\users\רועי\downloads\בינה מלאכותית\פרויקט סיום\securitymap (1)\graphics\graphics\debug\vc143.pdb
c:\users\רועי\downloads\בינה מלאכותית\פרויקט סיום\securitymap (1)\graphics\graphics\debug\vc143.idb
c:\users\רועי\downloads\בינה מלאכותית\פרויקט סיום\securitymap (1)\graphics\graphics\debug\support.obj
c:\users\רועי\downloads\בינה מלאכותית\פרויקט סיום\securitymap (1)\graphics\graphics\debug\state.obj
c:\users\רועי\downloads\בינה מלאכותית\פרויקט סיום\securitymap (1)\graphics\graphics\debug\room.obj
c:\users\רועי\downloads\בינה מלאכותית\פרויקט סיום\securitymap (1)\graphics\graphics\debug\npc.obj
c:\users\רועי\downloads\בינה מלאכותית\פרויקט סיום\securitymap (1)\graphics\graphics\debug\main.obj
c:\users\רועי\downloads\בינה מלאכותית\פרויקט סיום\securitymap (1)\graphics\graphics\debug\grenade.obj
c:\users\רועי\downloads\בינה מלאכותית\פרויקט סיום\securitymap (1)\graphics\graphics\debug\fighter.obj
c:\users\רועי\downloads\בינה מלאכותית\פרויקט סיום\securitymap (1)\graphics\graphics\debug\defensestate.obj
c:\users\רועי\downloads\בינה מלאכותית\פרויקט סיום\securitymap (1)\graphics\graphics\debug\comparecells.obj
c:\users\רועי\downloads\בינה מלאכותית\פרויקט סיום\securitymap (1)\graphics\graphics\debug\cell.obj
c:\users\רועי\downloads\בינה מלאכותית\פרויקט סיום\securitymap (1)\graphics\graphics\debug\bullet.obj
c:\users\רועי\downloads\בינה מלאכותית\פרויקט סיום\securitymap (1)\graphics\graphics\debug\attackstate.obj
c:\users\רועי\downloads\בינה מלאכותית\פרויקט סיום\securitymap (1)\graphics\debug\graphics.exe
c:\users\רועי\downloads\בינה מלאכותית\פרויקט סיום\securitymap (1)\graphics\debug\graphics.pdb
c:\users\רועי\downloads\בינה מלאכותית\פרויקט סיום\securitymap (1)\graphics\graphics\debug\graphics.res
c:\users\רועי\downloads\בינה מלאכותית\פרויקט סיום\securitymap (1)\graphics\graphics\debug\graphics.ilk
c:\users\רועי\downloads\בינה מלאכותית\פרויקט סיום\securitymap (1)\graphics\graphics\debug\attackstate.nativecodeanalysis.xml
c:\users\רועי\downloads\בינה מלאכותית\פרויקט סיום\securitymap (1)\graphics\graphics\debug\bullet.nativecodeanalysis.xml
c:\users\רועי\downloads\בינה מלאכותית\פרויקט סיום\securitymap (1)\graphics\graphics\debug\cell.nativecodeanalysis.xml
c:\users\רועי\downloads\בינה מלאכותית\פרויקט סיום\securitymap (1)\graphics\graphics\debug\comparecells.nativecodeanalysis.xml
c:\users\רועי\downloads\בינה מלאכותית\פרויקט סיום\securitymap (1)\graphics\graphics\debug\defensestate.nativecodeanalysis.xml
c:\users\רועי\downloads\בינה מלאכותית\פרויקט סיום\securitymap (1)\graphics\graphics\debug\fighter.nativecodeanalysis.xml
c:\users\רועי\downloads\בינה מלאכותית\פרויקט סיום\securitymap (1)\graphics\graphics\debug\grenade.nativecodeanalysis.xml
c:\users\רועי\downloads\בינה מלאכותית\פרויקט סיום\securitymap (1)\graphics\graphics\debug\main.nativecodeanalysis.xml
c:\users\רועי\downloads\בינה מלאכותית\פרויקט סיום\securitymap (1)\graphics\graphics\debug\room.nativecodeanalysis.xml
c:\users\רועי\downloads\בינה מלאכותית\פרויקט סיום\securitymap (1)\graphics\graphics\debug\state.nativecodeanalysis.xml
c:\users\רועי\downloads\בינה מלאכותית\פרויקט סיום\securitymap (1)\graphics\graphics\debug\support.nativecodeanalysis.xml
c:\users\רועי\downloads\בינה מלאכותית\פרויקט סיום\securitymap (1)\graphics\graphics\debug\graphics.tlog\cl.command.1.tlog
c:\users\רועי\downloads\בינה מלאכותית\פרויקט סיום\securitymap (1)\graphics\graphics\debug\graphics.tlog\cl.items.tlog
c:\users\רועי\downloads\בינה מלאכותית\פרויקט סיום\securitymap (1)\graphics\graphics\debug\graphics.tlog\cl.read.1.tlog
c:\users\רועי\downloads\בינה מלאכותית\פרויקט סיום\securitymap (1)\graphics\graphics\debug\graphics.tlog\cl.write.1.tlog
c:\users\רועי\downloads\בינה מלאכותית\פרויקט סיום\securitymap (1)\graphics\graphics\debug\graphics.tlog\link.command.1.tlog
c:\users\רועי\downloads\בינה מלאכותית\פרויקט סיום\securitymap (1)\graphics\graphics\debug\graphics.tlog\link.read.1.tlog
c:\users\רועי\downloads\בינה מלאכותית\פרויקט סיום\securitymap (1)\graphics\graphics\debug\graphics.tlog\link.secondary.1.tlog
c:\users\רועי\downloads\בינה מלאכותית\פרויקט סיום\securitymap (1)\graphics\graphics\debug\graphics.tlog\link.write.1.tlog
c:\users\רועי\downloads\בינה מלאכותית\פרויקט סיום\securitymap (1)\graphics\graphics\debug\graphics.tlog\rc.command.1.tlog
c:\users\רועי\downloads\בינה מלאכותית\פרויקט סיום\securitymap (1)\graphics\graphics\debug\graphics.tlog\rc.read.1.tlog
c:\users\רועי\downloads\בינה מלאכותית\פרויקט סיום\securitymap (1)\graphics\graphics\debug\graphics.tlog\rc.write.1.tlog
